<?xml version="1.0" encoding="UTF-8"?>
<!-- Generated by org.testng.reporters.JUnitReportReporter -->
<testsuite hostname="US-PF2S4H27" failures="0" tests="1" name="selframework.Create_Contact" time="14.139" errors="0" timestamp="2025-03-28T19:52:23 IST" skipped="0">
  <testcase classname="selframework.Create_Contact" name="createContactTest" time="14.139">
    <system-out>
      <![CDATA[Contact Salvatorebrothers53 added successfully]]>
    </system-out>
  </testcase> <!-- createContactTest -->
  <system-out>
    <![CDATA[Contact Salvatorebrothers53 added successfully
Validation is passed
Logged in Successfully
Logged out Successfully
Campaign Salvatoregroups_961 added successfully
Campaign Salvatoregroups_110 added successfully]]>
  </system-out>
</testsuite> <!-- selframework.Create_Contact -->
