<?xml version="1.0" encoding="UTF-8"?>
<!-- Generated by org.testng.reporters.JUnitReportReporter -->
<testsuite hostname="US-PF2S4H27" failures="0" tests="2" name="selframework.Create_Campaign" time="30.051" errors="0" timestamp="2025-03-28T19:52:23 IST" skipped="0">
  <testcase classname="selframework.Create_Campaign" name="createCampaignTestWithMandatoryFields" time="13.571">
    <system-out>
      <![CDATA[Campaign Salvatoregroups_110 added successfully]]>
    </system-out>
  </testcase> <!-- createCampaignTestWithMandatoryFields -->
  <testcase classname="selframework.Create_Campaign" name="createCampaignTest" time="16.480">
    <system-out>
      <![CDATA[Campaign Salvatoregroups_961 added successfully]]>
    </system-out>
  </testcase> <!-- createCampaignTest -->
  <system-out>
    <![CDATA[Contact Salvatorebrothers53 added successfully
Validation is passed
Logged in Successfully
Logged out Successfully
Campaign Salvatoregroups_961 added successfully
Campaign Salvatoregroups_110 added successfully]]>
  </system-out>
</testsuite> <!-- selframework.Create_Campaign -->
