<?xml version="1.0" encoding="UTF-8"?>
<!-- Generated by org.testng.reporters.JUnitReportReporter -->
<testsuite hostname="US-PF2S4H27" failures="0" tests="1" name="selframework.LoginandLogoutTest" time="4.100" errors="0" timestamp="2025-03-28T19:52:23 IST" skipped="0">
  <testcase classname="selframework.LoginandLogoutTest" name="loginLogoutTest" time="4.100">
    <system-out>
      <![CDATA[Validation is passed
Logged in Successfully
Logged out Successfully]]>
    </system-out>
  </testcase> <!-- loginLogoutTest -->
  <system-out>
    <![CDATA[Contact Salvatorebrothers53 added successfully
Validation is passed
Logged in Successfully
Logged out Successfully
Campaign Salvatoregroups_961 added successfully
Campaign Salvatoregroups_110 added successfully]]>
  </system-out>
</testsuite> <!-- selframework.LoginandLogoutTest -->
