<?xml version="1.0" encoding="UTF-8"?>
<!-- Generated by org.testng.reporters.JUnitReportReporter -->
<testsuite hostname="US-PF2S4H27" failures="0" tests="3" name="advsel.DataProviderUsage" time="0.018" errors="0" timestamp="2025-03-25T20:42:44 IST" skipped="0">
  <testcase classname="advsel.DataProviderUsage" name="testCase" time="0.003"/>
  <testcase classname="advsel.DataProviderUsage" name="testCase" time="0.013"/>
  <testcase classname="advsel.DataProviderUsage" name="testCase" time="0.002"/>
</testsuite> <!-- advsel.DataProviderUsage -->
